[2018-04-17 03:10:20] /admin/index.php?act=login&op=login ( act=login&op=login ) 
ERR: Db Error: Table 'acesoft.t_lock' doesn't exist
SELECT * FROM `t_lock` WHERE ( pid = '213070643305' ) LIMIT 1  
[2018-04-17 03:10:20] /admin/index.php?act=login&op=login ( act=login&op=login ) 
ERR: Db Error: Table 'acesoft.t_lock' doesn't exist
DELETE  FROM `t_lock` WHERE ( pid = '213070643305' )
[2018-04-17 03:10:20] /admin/index.php?act=login&op=login ( act=login&op=login ) 
ERR: Db Error: Table 'acesoft.t_lock' doesn't exist
DELETE  FROM `t_lock` WHERE ( pid = '21307064335' )
[2018-04-17 13:26:11] /admin/index.php?act=login&op=login ( act=login&op=login ) 
ERR: Db Error: Table 'acesoft.t_lock' doesn't exist
SELECT * FROM `t_lock` WHERE ( pid = '213070643305' ) LIMIT 1  
[2018-04-17 13:26:11] /admin/index.php?act=login&op=login ( act=login&op=login ) 
ERR: Db Error: Table 'acesoft.t_lock' doesn't exist
DELETE  FROM `t_lock` WHERE ( pid = '213070643305' )
[2018-04-17 13:26:11] /admin/index.php?act=login&op=login ( act=login&op=login ) 
ERR: Db Error: Table 'acesoft.t_lock' doesn't exist
DELETE  FROM `t_lock` WHERE ( pid = '21307064335' )
[2018-04-17 13:51:02] /admin/index.php?act=login&op=login ( act=login&op=login ) 
ERR: Db Error: Table 'acesoft.t_lock' doesn't exist
SELECT * FROM `t_lock` WHERE ( pid = '213070643305' ) LIMIT 1  
[2018-04-17 13:51:02] /admin/index.php?act=login&op=login ( act=login&op=login ) 
ERR: Db Error: Table 'acesoft.t_lock' doesn't exist
DELETE  FROM `t_lock` WHERE ( pid = '213070643305' )
[2018-04-17 13:51:02] /admin/index.php?act=login&op=login ( act=login&op=login ) 
ERR: Db Error: Table 'acesoft.t_lock' doesn't exist
DELETE  FROM `t_lock` WHERE ( pid = '21307064335' )
[2018-04-17 13:54:29] /admin/index.php?act=login&op=login ( act=login&op=login ) 
ERR: Db Error: Table 'acesoft.t_lock' doesn't exist
SELECT * FROM `t_lock` WHERE ( pid = '213070643305' ) LIMIT 1  
[2018-04-17 13:54:29] /admin/index.php?act=login&op=login ( act=login&op=login ) 
ERR: Db Error: Table 'acesoft.t_lock' doesn't exist
DELETE  FROM `t_lock` WHERE ( pid = '213070643305' )
[2018-04-17 13:54:29] /admin/index.php?act=login&op=login ( act=login&op=login ) 
ERR: Db Error: Table 'acesoft.t_lock' doesn't exist
DELETE  FROM `t_lock` WHERE ( pid = '21307064335' )
[2018-04-17 13:55:06] /admin/index.php ( act=index&op=index ) 
ERR: Db Error: Table 'acesoft.t_setting' doesn't exist
SELECT * FROM `t_setting` 
[2018-04-17 14:23:08] /admin/index.php?act=common&op=getMsgObject&msg_name=ACEGUIState ( act=common&op=getmsgobject ) 
ERR: Db Error: Table 'acesoft.t_setting' doesn't exist
SELECT * FROM `t_setting` 
[2018-04-17 14:23:08] /admin/index.php?act=index&op=logout ( act=index&op=logout ) 
ERR: Db Error: Table 'acesoft.t_setting' doesn't exist
SELECT * FROM `t_setting` 
[2018-04-17 14:23:12] /admin/index.php?act=login&op=login ( act=login&op=login ) 
ERR: Db Error: Table 'acesoft.t_lock' doesn't exist
SELECT * FROM `t_lock` WHERE ( pid = '213070643305' ) LIMIT 1  
[2018-04-17 14:23:12] /admin/index.php?act=login&op=login ( act=login&op=login ) 
ERR: Db Error: Table 'acesoft.t_lock' doesn't exist
DELETE  FROM `t_lock` WHERE ( pid = '213070643305' )
[2018-04-17 14:23:12] /admin/index.php?act=login&op=login ( act=login&op=login ) 
ERR: Db Error: Table 'acesoft.t_lock' doesn't exist
DELETE  FROM `t_lock` WHERE ( pid = '21307064335' )
[2018-04-17 14:25:47] /admin/index.php?act=login&op=login ( act=login&op=login ) 
ERR: Db Error: Table 'acesoft.t_lock' doesn't exist
SELECT * FROM `t_lock` WHERE ( pid = '213070643305' ) LIMIT 1  
[2018-04-17 14:25:48] /admin/index.php?act=login&op=login ( act=login&op=login ) 
ERR: Db Error: Table 'acesoft.t_lock' doesn't exist
DELETE  FROM `t_lock` WHERE ( pid = '213070643305' )
[2018-04-17 14:25:48] /admin/index.php?act=login&op=login ( act=login&op=login ) 
ERR: Db Error: Table 'acesoft.t_lock' doesn't exist
DELETE  FROM `t_lock` WHERE ( pid = '21307064335' )
[2018-04-17 14:42:01] /admin/index.php?act=common&op=getMsgObject&msg_name=HostState ( act=common&op=getmsgobject ) 
ERR: Db Error: Table 'acesoft.t_setting' doesn't exist
SELECT * FROM `t_setting` 
[2018-04-17 14:42:05] /admin/index.php?act=login&op=login ( act=login&op=login ) 
ERR: Db Error: Table 'acesoft.t_lock' doesn't exist
SELECT * FROM `t_lock` WHERE ( pid = '213070643305' ) LIMIT 1  
[2018-04-17 14:42:05] /admin/index.php?act=login&op=login ( act=login&op=login ) 
ERR: Db Error: Table 'acesoft.t_lock' doesn't exist
DELETE  FROM `t_lock` WHERE ( pid = '213070643305' )
[2018-04-17 14:42:05] /admin/index.php?act=login&op=login ( act=login&op=login ) 
ERR: Db Error: Table 'acesoft.t_lock' doesn't exist
DELETE  FROM `t_lock` WHERE ( pid = '21307064335' )
[2018-04-17 14:55:14] /admin/index.php?act=login&op=login ( act=login&op=login ) 
ERR: Db Error: Table 'acesoft.t_lock' doesn't exist
SELECT * FROM `t_lock` WHERE ( pid = '213070643305' ) LIMIT 1  
[2018-04-17 14:55:14] /admin/index.php?act=login&op=login ( act=login&op=login ) 
ERR: Db Error: Table 'acesoft.t_lock' doesn't exist
DELETE  FROM `t_lock` WHERE ( pid = '213070643305' )
[2018-04-17 14:55:14] /admin/index.php?act=login&op=login ( act=login&op=login ) 
ERR: Db Error: Table 'acesoft.t_lock' doesn't exist
DELETE  FROM `t_lock` WHERE ( pid = '21307064335' )
[2018-04-17 14:55:23] /admin/index.php?act=common&op=getMsgObject&msg_name=ACEGUIState ( act=common&op=getmsgobject ) 
ERR: Db Error: Table 'acesoft.t_setting' doesn't exist
SELECT * FROM `t_setting` 
[2018-04-17 14:55:28] /admin/index.php?act=login&op=login ( act=login&op=login ) 
ERR: Db Error: Table 'acesoft.t_lock' doesn't exist
SELECT * FROM `t_lock` WHERE ( pid = '213070643305' ) LIMIT 1  
[2018-04-17 14:55:28] /admin/index.php?act=login&op=login ( act=login&op=login ) 
ERR: Db Error: Table 'acesoft.t_lock' doesn't exist
DELETE  FROM `t_lock` WHERE ( pid = '213070643305' )
[2018-04-17 14:55:28] /admin/index.php?act=login&op=login ( act=login&op=login ) 
ERR: Db Error: Table 'acesoft.t_lock' doesn't exist
DELETE  FROM `t_lock` WHERE ( pid = '21307064335' )
[2018-04-17 15:02:29] /admin/index.php?act=login&op=login ( act=login&op=login ) 
ERR: Db Error: Table 'acesoft.t_lock' doesn't exist
SELECT * FROM `t_lock` WHERE ( pid = '213070643305' ) LIMIT 1  
[2018-04-17 15:02:29] /admin/index.php?act=login&op=login ( act=login&op=login ) 
ERR: Db Error: Table 'acesoft.t_lock' doesn't exist
DELETE  FROM `t_lock` WHERE ( pid = '213070643305' )
[2018-04-17 15:02:29] /admin/index.php?act=login&op=login ( act=login&op=login ) 
ERR: Db Error: Table 'acesoft.t_lock' doesn't exist
DELETE  FROM `t_lock` WHERE ( pid = '21307064335' )
[2018-04-17 15:03:06] /admin/index.php?act=index&op=logout ( act=index&op=logout ) 
ERR: Db Error: Table 'acesoft.t_setting' doesn't exist
SELECT * FROM `t_setting` 
[2018-04-17 15:03:10] /admin/index.php?act=login&op=login ( act=login&op=login ) 
ERR: Db Error: Table 'acesoft.t_lock' doesn't exist
SELECT * FROM `t_lock` WHERE ( pid = '213070643305' ) LIMIT 1  
[2018-04-17 15:03:10] /admin/index.php?act=login&op=login ( act=login&op=login ) 
ERR: Db Error: Table 'acesoft.t_lock' doesn't exist
DELETE  FROM `t_lock` WHERE ( pid = '213070643305' )
[2018-04-17 15:03:10] /admin/index.php?act=login&op=login ( act=login&op=login ) 
ERR: Db Error: Table 'acesoft.t_lock' doesn't exist
DELETE  FROM `t_lock` WHERE ( pid = '21307064335' )
[2018-04-17 15:56:37] /ACE_Web_HYRMYY/admin/index.php?act=login&op=login ( act=login&op=login ) 
ERR: Db Error: Table 'ace_hyrmyy.t_lock' doesn't exist
SELECT * FROM `t_lock` WHERE ( pid = '454137647005' ) LIMIT 1  
[2018-04-17 15:56:37] /ACE_Web_HYRMYY/admin/index.php?act=login&op=login ( act=login&op=login ) 
ERR: Db Error: Table 'ace_hyrmyy.t_lock' doesn't exist
SELECT * FROM `t_lock` WHERE ( pid = '45413764705' ) LIMIT 1  
[2018-04-17 15:56:37] /ACE_Web_HYRMYY/admin/index.php?act=login&op=login ( act=login&op=login ) 
ERR: Db Error: Table 'ace_hyrmyy.t_lock' doesn't exist
SELECT * FROM `t_lock` WHERE ( pid = '45413764705' ) LIMIT 1  
[2018-04-17 15:56:37] /ACE_Web_HYRMYY/admin/index.php?act=login&op=login ( act=login&op=login ) 
ERR: Db Error: Table 'ace_hyrmyy.t_lock' doesn't exist
INSERT  INTO `t_lock` (pid,pvalue,expiretime) VALUES ('45413764705','1','1523973997')
[2018-04-17 15:57:06] /ACE_Web_HYRMYY/admin/index.php?act=login&op=login ( act=login&op=login ) 
ERR: Db Error: Table 'ace_hyrmyy.t_lock' doesn't exist
SELECT * FROM `t_lock` WHERE ( pid = '454137647005' ) LIMIT 1  
[2018-04-17 15:57:06] /ACE_Web_HYRMYY/admin/index.php?act=login&op=login ( act=login&op=login ) 
ERR: Db Error: Table 'ace_hyrmyy.t_lock' doesn't exist
DELETE  FROM `t_lock` WHERE ( pid = '454137647005' )
[2018-04-17 15:57:06] /ACE_Web_HYRMYY/admin/index.php?act=login&op=login ( act=login&op=login ) 
ERR: Db Error: Table 'ace_hyrmyy.t_lock' doesn't exist
DELETE  FROM `t_lock` WHERE ( pid = '45413764705' )
[2018-04-17 16:01:07] /ACE_Web_HYRMYY/admin/index.php?act=common&op=getMsgObject&msg_name=ACEGUIState ( act=common&op=getmsgobject ) 
ERR: Db Error: Table 'ace_hyrmyy.t_setting' doesn't exist
SELECT * FROM `t_setting` 
[2018-04-17 16:01:27] /ACE_Web_HYRMYY/admin/index.php?act=login&op=login ( act=login&op=login ) 
ERR: Db Error: Table 'ace_hyrmyy.t_lock' doesn't exist
SELECT * FROM `t_lock` WHERE ( pid = '454137647005' ) LIMIT 1  
[2018-04-17 16:01:27] /ACE_Web_HYRMYY/admin/index.php?act=login&op=login ( act=login&op=login ) 
ERR: Db Error: Table 'ace_hyrmyy.t_lock' doesn't exist
DELETE  FROM `t_lock` WHERE ( pid = '454137647005' )
[2018-04-17 16:01:27] /ACE_Web_HYRMYY/admin/index.php?act=login&op=login ( act=login&op=login ) 
ERR: Db Error: Table 'ace_hyrmyy.t_lock' doesn't exist
DELETE  FROM `t_lock` WHERE ( pid = '45413764705' )
[2018-04-17 16:04:05] /ACE_Web_HYRMYY/admin/index.php?act=login&op=login ( act=login&op=login ) 
ERR: Db Error: Table 'ace_hyrmyy.t_lock' doesn't exist
SELECT * FROM `t_lock` WHERE ( pid = '454137647005' ) LIMIT 1  
[2018-04-17 16:04:05] /ACE_Web_HYRMYY/admin/index.php?act=login&op=login ( act=login&op=login ) 
ERR: Db Error: Table 'ace_hyrmyy.t_lock' doesn't exist
DELETE  FROM `t_lock` WHERE ( pid = '454137647005' )
[2018-04-17 16:04:05] /ACE_Web_HYRMYY/admin/index.php?act=login&op=login ( act=login&op=login ) 
ERR: Db Error: Table 'ace_hyrmyy.t_lock' doesn't exist
DELETE  FROM `t_lock` WHERE ( pid = '45413764705' )
[2018-04-17 16:05:07] /ACE_Web_HYRMYY/admin/index.php?act=login&op=login ( act=login&op=login ) 
ERR: Db Error: Table 'ace_hyrmyy.t_lock' doesn't exist
SELECT * FROM `t_lock` WHERE ( pid = '454137647005' ) LIMIT 1  
[2018-04-17 16:05:07] /ACE_Web_HYRMYY/admin/index.php?act=login&op=login ( act=login&op=login ) 
ERR: Db Error: Table 'ace_hyrmyy.t_lock' doesn't exist
DELETE  FROM `t_lock` WHERE ( pid = '454137647005' )
[2018-04-17 16:05:07] /ACE_Web_HYRMYY/admin/index.php?act=login&op=login ( act=login&op=login ) 
ERR: Db Error: Table 'ace_hyrmyy.t_lock' doesn't exist
DELETE  FROM `t_lock` WHERE ( pid = '45413764705' )
[2018-04-17 16:22:45] /ACE_Web_HYRMYY/admin/index.php?act=login&op=login ( act=login&op=login ) 
ERR: Db Error: Table 'ace_hyrmyy.t_lock' doesn't exist
SELECT * FROM `t_lock` WHERE ( pid = '184893935605' ) LIMIT 1  
[2018-04-17 16:22:45] /ACE_Web_HYRMYY/admin/index.php?act=login&op=login ( act=login&op=login ) 
ERR: Db Error: Table 'ace_hyrmyy.t_lock' doesn't exist
DELETE  FROM `t_lock` WHERE ( pid = '184893935605' )
[2018-04-17 16:22:45] /ACE_Web_HYRMYY/admin/index.php?act=login&op=login ( act=login&op=login ) 
ERR: Db Error: Table 'ace_hyrmyy.t_lock' doesn't exist
DELETE  FROM `t_lock` WHERE ( pid = '18489393565' )
[2018-04-17 16:23:06] /ACE_Web_HYRMYY/admin/index.php?act=login&op=login ( act=login&op=login ) 
ERR: Db Error: Table 'ace_hyrmyy.t_lock' doesn't exist
SELECT * FROM `t_lock` WHERE ( pid = '184893935605' ) LIMIT 1  
[2018-04-17 16:23:06] /ACE_Web_HYRMYY/admin/index.php?act=login&op=login ( act=login&op=login ) 
ERR: Db Error: Table 'ace_hyrmyy.t_lock' doesn't exist
DELETE  FROM `t_lock` WHERE ( pid = '184893935605' )
[2018-04-17 16:23:06] /ACE_Web_HYRMYY/admin/index.php?act=login&op=login ( act=login&op=login ) 
ERR: Db Error: Table 'ace_hyrmyy.t_lock' doesn't exist
DELETE  FROM `t_lock` WHERE ( pid = '18489393565' )
[2018-04-17 16:23:28] /ACE_Web_HYRMYY/admin/index.php?act=login&op=login ( act=login&op=login ) 
ERR: Db Error: Table 'ace_hyrmyy.t_lock' doesn't exist
SELECT * FROM `t_lock` WHERE ( pid = '184893935605' ) LIMIT 1  
[2018-04-17 16:23:28] /ACE_Web_HYRMYY/admin/index.php?act=login&op=login ( act=login&op=login ) 
ERR: Db Error: Table 'ace_hyrmyy.t_lock' doesn't exist
DELETE  FROM `t_lock` WHERE ( pid = '184893935605' )
[2018-04-17 16:23:28] /ACE_Web_HYRMYY/admin/index.php?act=login&op=login ( act=login&op=login ) 
ERR: Db Error: Table 'ace_hyrmyy.t_lock' doesn't exist
DELETE  FROM `t_lock` WHERE ( pid = '18489393565' )
[2018-04-17 16:24:56] /ACE_Web_HYRMYY/admin/index.php?act=login&op=login ( act=login&op=login ) 
ERR: Db Error: Table 'ace_hyrmyy.t_lock' doesn't exist
SELECT * FROM `t_lock` WHERE ( pid = '184893935605' ) LIMIT 1  
[2018-04-17 16:24:56] /ACE_Web_HYRMYY/admin/index.php?act=login&op=login ( act=login&op=login ) 
ERR: Db Error: Table 'ace_hyrmyy.t_lock' doesn't exist
DELETE  FROM `t_lock` WHERE ( pid = '184893935605' )
[2018-04-17 16:24:56] /ACE_Web_HYRMYY/admin/index.php?act=login&op=login ( act=login&op=login ) 
ERR: Db Error: Table 'ace_hyrmyy.t_lock' doesn't exist
DELETE  FROM `t_lock` WHERE ( pid = '18489393565' )
[2018-04-17 16:26:21] /ACE_Web_HYRMYY/admin/index.php?act=login&op=login ( act=login&op=login ) 
ERR: Db Error: Table 'ace_hyrmyy.t_lock' doesn't exist
SELECT * FROM `t_lock` WHERE ( pid = '184893935605' ) LIMIT 1  
[2018-04-17 16:26:21] /ACE_Web_HYRMYY/admin/index.php?act=login&op=login ( act=login&op=login ) 
ERR: Db Error: Table 'ace_hyrmyy.t_lock' doesn't exist
DELETE  FROM `t_lock` WHERE ( pid = '184893935605' )
[2018-04-17 16:26:21] /ACE_Web_HYRMYY/admin/index.php?act=login&op=login ( act=login&op=login ) 
ERR: Db Error: Table 'ace_hyrmyy.t_lock' doesn't exist
DELETE  FROM `t_lock` WHERE ( pid = '18489393565' )
[2018-04-17 16:27:14] /ACE_Web_HYRMYY/admin/index.php?act=login&op=login ( act=login&op=login ) 
ERR: Db Error: Table 'ace_hyrmyy.t_lock' doesn't exist
SELECT * FROM `t_lock` WHERE ( pid = '454137647005' ) LIMIT 1  
[2018-04-17 16:27:14] /ACE_Web_HYRMYY/admin/index.php?act=login&op=login ( act=login&op=login ) 
ERR: Db Error: Table 'ace_hyrmyy.t_lock' doesn't exist
DELETE  FROM `t_lock` WHERE ( pid = '454137647005' )
[2018-04-17 16:27:14] /ACE_Web_HYRMYY/admin/index.php?act=login&op=login ( act=login&op=login ) 
ERR: Db Error: Table 'ace_hyrmyy.t_lock' doesn't exist
DELETE  FROM `t_lock` WHERE ( pid = '45413764705' )
[2018-04-17 16:32:56] /ACE_Web_HYRMYY/admin/index.php?act=login&op=login ( act=login&op=login ) 
ERR: Db Error: Table 'ace_hyrmyy.t_lock' doesn't exist
SELECT * FROM `t_lock` WHERE ( pid = '184893935605' ) LIMIT 1  
[2018-04-17 16:32:56] /ACE_Web_HYRMYY/admin/index.php?act=login&op=login ( act=login&op=login ) 
ERR: Db Error: Table 'ace_hyrmyy.t_lock' doesn't exist
DELETE  FROM `t_lock` WHERE ( pid = '184893935605' )
[2018-04-17 16:32:56] /ACE_Web_HYRMYY/admin/index.php?act=login&op=login ( act=login&op=login ) 
ERR: Db Error: Table 'ace_hyrmyy.t_lock' doesn't exist
DELETE  FROM `t_lock` WHERE ( pid = '18489393565' )
[2018-04-17 16:34:01] /ACE_Web_HYRMYY/admin/index.php?act=login&op=login ( act=login&op=login ) 
ERR: Db Error: Table 'ace_hyrmyy.t_lock' doesn't exist
SELECT * FROM `t_lock` WHERE ( pid = '184893935605' ) LIMIT 1  
[2018-04-17 16:34:01] /ACE_Web_HYRMYY/admin/index.php?act=login&op=login ( act=login&op=login ) 
ERR: Db Error: Table 'ace_hyrmyy.t_lock' doesn't exist
DELETE  FROM `t_lock` WHERE ( pid = '184893935605' )
[2018-04-17 16:34:01] /ACE_Web_HYRMYY/admin/index.php?act=login&op=login ( act=login&op=login ) 
ERR: Db Error: Table 'ace_hyrmyy.t_lock' doesn't exist
DELETE  FROM `t_lock` WHERE ( pid = '18489393565' )
[2018-04-17 16:40:03] /ACE_Web_HYRMYY/admin/index.php?act=login&op=login ( act=login&op=login ) 
ERR: Db Error: Table 'ace_hyrmyy.t_lock' doesn't exist
SELECT * FROM `t_lock` WHERE ( pid = '184893935605' ) LIMIT 1  
[2018-04-17 16:40:03] /ACE_Web_HYRMYY/admin/index.php?act=login&op=login ( act=login&op=login ) 
ERR: Db Error: Table 'ace_hyrmyy.t_lock' doesn't exist
DELETE  FROM `t_lock` WHERE ( pid = '184893935605' )
[2018-04-17 16:40:03] /ACE_Web_HYRMYY/admin/index.php?act=login&op=login ( act=login&op=login ) 
ERR: Db Error: Table 'ace_hyrmyy.t_lock' doesn't exist
DELETE  FROM `t_lock` WHERE ( pid = '18489393565' )
[2018-04-17 16:40:27] /ACE_Web_HYRMYY/admin/index.php?act=login&op=login ( act=login&op=login ) 
ERR: Db Error: Table 'ace_hyrmyy.t_lock' doesn't exist
SELECT * FROM `t_lock` WHERE ( pid = '184893935605' ) LIMIT 1  
[2018-04-17 16:40:27] /ACE_Web_HYRMYY/admin/index.php?act=login&op=login ( act=login&op=login ) 
ERR: Db Error: Table 'ace_hyrmyy.t_lock' doesn't exist
DELETE  FROM `t_lock` WHERE ( pid = '184893935605' )
[2018-04-17 16:40:27] /ACE_Web_HYRMYY/admin/index.php?act=login&op=login ( act=login&op=login ) 
ERR: Db Error: Table 'ace_hyrmyy.t_lock' doesn't exist
DELETE  FROM `t_lock` WHERE ( pid = '18489393565' )
[2018-04-17 16:40:51] /ACE_Web_HYRMYY/admin/index.php?act=login&op=login ( act=login&op=login ) 
ERR: Db Error: Table 'ace_hyrmyy.t_lock' doesn't exist
SELECT * FROM `t_lock` WHERE ( pid = '184893935605' ) LIMIT 1  
[2018-04-17 16:40:51] /ACE_Web_HYRMYY/admin/index.php?act=login&op=login ( act=login&op=login ) 
ERR: Db Error: Table 'ace_hyrmyy.t_lock' doesn't exist
DELETE  FROM `t_lock` WHERE ( pid = '184893935605' )
[2018-04-17 16:40:51] /ACE_Web_HYRMYY/admin/index.php?act=login&op=login ( act=login&op=login ) 
ERR: Db Error: Table 'ace_hyrmyy.t_lock' doesn't exist
DELETE  FROM `t_lock` WHERE ( pid = '18489393565' )
[2018-04-17 16:53:45] /ACE_Web_HYRMYY/admin/index.php?act=login&op=login ( act=login&op=login ) 
ERR: Db Error: Table 'ace_hyrmyy.t_lock' doesn't exist
SELECT * FROM `t_lock` WHERE ( pid = '454137647005' ) LIMIT 1  
[2018-04-17 16:53:45] /ACE_Web_HYRMYY/admin/index.php?act=login&op=login ( act=login&op=login ) 
ERR: Db Error: Table 'ace_hyrmyy.t_lock' doesn't exist
DELETE  FROM `t_lock` WHERE ( pid = '454137647005' )
[2018-04-17 16:53:45] /ACE_Web_HYRMYY/admin/index.php?act=login&op=login ( act=login&op=login ) 
ERR: Db Error: Table 'ace_hyrmyy.t_lock' doesn't exist
DELETE  FROM `t_lock` WHERE ( pid = '45413764705' )
[2018-04-17 17:05:12] /ACE_Web_HYRMYY/admin/index.php?act=login&op=login ( act=login&op=login ) 
ERR: Db Error: Table 'ace_hyrmyy.t_lock' doesn't exist
SELECT * FROM `t_lock` WHERE ( pid = '454137647005' ) LIMIT 1  
[2018-04-17 17:05:12] /ACE_Web_HYRMYY/admin/index.php?act=login&op=login ( act=login&op=login ) 
ERR: Db Error: Table 'ace_hyrmyy.t_lock' doesn't exist
DELETE  FROM `t_lock` WHERE ( pid = '454137647005' )
[2018-04-17 17:05:12] /ACE_Web_HYRMYY/admin/index.php?act=login&op=login ( act=login&op=login ) 
ERR: Db Error: Table 'ace_hyrmyy.t_lock' doesn't exist
DELETE  FROM `t_lock` WHERE ( pid = '45413764705' )
[2018-04-17 17:54:16] /ACE_Web_HYRMYY/admin/index.php?act=login&op=login ( act=login&op=login ) 
ERR: Db Error: Table 'ace_hyrmyy.t_lock' doesn't exist
SELECT * FROM `t_lock` WHERE ( pid = '184893935605' ) LIMIT 1  
[2018-04-17 17:54:16] /ACE_Web_HYRMYY/admin/index.php?act=login&op=login ( act=login&op=login ) 
ERR: Db Error: Table 'ace_hyrmyy.t_lock' doesn't exist
DELETE  FROM `t_lock` WHERE ( pid = '184893935605' )
[2018-04-17 17:54:16] /ACE_Web_HYRMYY/admin/index.php?act=login&op=login ( act=login&op=login ) 
ERR: Db Error: Table 'ace_hyrmyy.t_lock' doesn't exist
DELETE  FROM `t_lock` WHERE ( pid = '18489393565' )
[2018-04-17 17:55:23] /ACE_Web_HYRMYY/admin/index.php?act=login&op=login ( act=login&op=login ) 
ERR: Db Error: Table 'ace_hyrmyy.t_lock' doesn't exist
SELECT * FROM `t_lock` WHERE ( pid = '184893935605' ) LIMIT 1  
[2018-04-17 17:55:23] /ACE_Web_HYRMYY/admin/index.php?act=login&op=login ( act=login&op=login ) 
ERR: Db Error: Table 'ace_hyrmyy.t_lock' doesn't exist
DELETE  FROM `t_lock` WHERE ( pid = '184893935605' )
[2018-04-17 17:55:23] /ACE_Web_HYRMYY/admin/index.php?act=login&op=login ( act=login&op=login ) 
ERR: Db Error: Table 'ace_hyrmyy.t_lock' doesn't exist
DELETE  FROM `t_lock` WHERE ( pid = '18489393565' )
