[2018-04-30 04:48:44] /ACE_Web_HYRMYY/admin/index.php?act=login&op=login ( act=login&op=login ) 
ERR: Db Error: Table 'ace_hyrmyy.t_lock' doesn't exist
SELECT * FROM `t_lock` WHERE ( pid = '374816861205' ) LIMIT 1  
[2018-04-30 04:48:44] /ACE_Web_HYRMYY/admin/index.php?act=login&op=login ( act=login&op=login ) 
ERR: Db Error: Table 'ace_hyrmyy.t_lock' doesn't exist
DELETE  FROM `t_lock` WHERE ( pid = '374816861205' )
[2018-04-30 04:48:44] /ACE_Web_HYRMYY/admin/index.php?act=login&op=login ( act=login&op=login ) 
ERR: Db Error: Table 'ace_hyrmyy.t_lock' doesn't exist
DELETE  FROM `t_lock` WHERE ( pid = '37481686125' )
[2018-04-30 04:57:45] /ACE_Web_HYRMYY/admin/index.php?act=login&op=login ( act=login&op=login ) 
ERR: Db Error: Table 'ace_hyrmyy.t_lock' doesn't exist
SELECT * FROM `t_lock` WHERE ( pid = '287437227305' ) LIMIT 1  
[2018-04-30 04:57:45] /ACE_Web_HYRMYY/admin/index.php?act=login&op=login ( act=login&op=login ) 
ERR: Db Error: Table 'ace_hyrmyy.t_lock' doesn't exist
SELECT * FROM `t_lock` WHERE ( pid = '28743722735' ) LIMIT 1  
[2018-04-30 04:57:45] /ACE_Web_HYRMYY/admin/index.php?act=login&op=login ( act=login&op=login ) 
ERR: Db Error: Table 'ace_hyrmyy.t_lock' doesn't exist
SELECT * FROM `t_lock` WHERE ( pid = '28743722735' ) LIMIT 1  
[2018-04-30 04:57:45] /ACE_Web_HYRMYY/admin/index.php?act=login&op=login ( act=login&op=login ) 
ERR: Db Error: Table 'ace_hyrmyy.t_lock' doesn't exist
INSERT  INTO `t_lock` (pid,pvalue,expiretime) VALUES ('28743722735','1','1525057665')
[2018-04-30 05:00:42] /ACE_Web_HYRMYY/admin/index.php?act=login&op=login ( act=login&op=login ) 
ERR: Db Error: Table 'ace_hyrmyy.t_lock' doesn't exist
SELECT * FROM `t_lock` WHERE ( pid = '287437227305' ) LIMIT 1  
[2018-04-30 05:00:42] /ACE_Web_HYRMYY/admin/index.php?act=login&op=login ( act=login&op=login ) 
ERR: Db Error: Table 'ace_hyrmyy.t_lock' doesn't exist
DELETE  FROM `t_lock` WHERE ( pid = '287437227305' )
[2018-04-30 05:00:42] /ACE_Web_HYRMYY/admin/index.php?act=login&op=login ( act=login&op=login ) 
ERR: Db Error: Table 'ace_hyrmyy.t_lock' doesn't exist
DELETE  FROM `t_lock` WHERE ( pid = '28743722735' )
[2018-04-30 07:04:08] /ACE_Web_HYRMYY/admin/index.php?act=login&op=login ( act=login&op=login ) 
ERR: Db Error: Table 'ace_hyrmyy.t_lock' doesn't exist
SELECT * FROM `t_lock` WHERE ( pid = '197186982705' ) LIMIT 1  
[2018-04-30 07:04:08] /ACE_Web_HYRMYY/admin/index.php?act=login&op=login ( act=login&op=login ) 
ERR: Db Error: Table 'ace_hyrmyy.t_lock' doesn't exist
DELETE  FROM `t_lock` WHERE ( pid = '197186982705' )
[2018-04-30 07:04:08] /ACE_Web_HYRMYY/admin/index.php?act=login&op=login ( act=login&op=login ) 
ERR: Db Error: Table 'ace_hyrmyy.t_lock' doesn't exist
DELETE  FROM `t_lock` WHERE ( pid = '19718698275' )
[2018-04-30 11:27:00] /ACE_Web_HYRMYY/admin/index.php?act=login&op=login ( act=login&op=login ) 
ERR: Db Error: Table 'ace_hyrmyy.t_lock' doesn't exist
SELECT * FROM `t_lock` WHERE ( pid = '287437227305' ) LIMIT 1  
[2018-04-30 11:27:00] /ACE_Web_HYRMYY/admin/index.php?act=login&op=login ( act=login&op=login ) 
ERR: Db Error: Table 'ace_hyrmyy.t_lock' doesn't exist
DELETE  FROM `t_lock` WHERE ( pid = '287437227305' )
[2018-04-30 11:27:00] /ACE_Web_HYRMYY/admin/index.php?act=login&op=login ( act=login&op=login ) 
ERR: Db Error: Table 'ace_hyrmyy.t_lock' doesn't exist
DELETE  FROM `t_lock` WHERE ( pid = '28743722735' )
[2018-04-30 16:56:31] /ACE_Web_HYRMYY/admin/index.php?act=login&op=login ( act=login&op=login ) 
ERR: Db Error: Table 'ace_hyrmyy.t_lock' doesn't exist
SELECT * FROM `t_lock` WHERE ( pid = '374816861205' ) LIMIT 1  
[2018-04-30 16:56:31] /ACE_Web_HYRMYY/admin/index.php?act=login&op=login ( act=login&op=login ) 
ERR: Db Error: Table 'ace_hyrmyy.t_lock' doesn't exist
DELETE  FROM `t_lock` WHERE ( pid = '374816861205' )
[2018-04-30 16:56:31] /ACE_Web_HYRMYY/admin/index.php?act=login&op=login ( act=login&op=login ) 
ERR: Db Error: Table 'ace_hyrmyy.t_lock' doesn't exist
DELETE  FROM `t_lock` WHERE ( pid = '37481686125' )
