[2018-05-11 09:17:49] /ACE_Web_HYRMYY/admin/index.php?act=login&op=login ( act=login&op=login ) 
ERR: Db Error: Table 'ace_hyrmyy.t_lock' doesn't exist
SELECT * FROM `t_lock` WHERE ( pid = '200328653505' ) LIMIT 1  
[2018-05-11 09:17:49] /ACE_Web_HYRMYY/admin/index.php?act=login&op=login ( act=login&op=login ) 
ERR: Db Error: Table 'ace_hyrmyy.t_lock' doesn't exist
DELETE  FROM `t_lock` WHERE ( pid = '200328653505' )
[2018-05-11 09:17:49] /ACE_Web_HYRMYY/admin/index.php?act=login&op=login ( act=login&op=login ) 
ERR: Db Error: Table 'ace_hyrmyy.t_lock' doesn't exist
DELETE  FROM `t_lock` WHERE ( pid = '20032865355' )
[2018-05-11 10:53:20] /ACE_Web_HYRMYY/admin/index.php?act=login&op=login ( act=login&op=login ) 
ERR: Db Error: Table 'ace_hyrmyy.t_lock' doesn't exist
SELECT * FROM `t_lock` WHERE ( pid = '287434088005' ) LIMIT 1  
[2018-05-11 10:53:20] /ACE_Web_HYRMYY/admin/index.php?act=login&op=login ( act=login&op=login ) 
ERR: Db Error: Table 'ace_hyrmyy.t_lock' doesn't exist
SELECT * FROM `t_lock` WHERE ( pid = '28743408805' ) LIMIT 1  
[2018-05-11 10:53:20] /ACE_Web_HYRMYY/admin/index.php?act=login&op=login ( act=login&op=login ) 
ERR: Db Error: Table 'ace_hyrmyy.t_lock' doesn't exist
SELECT * FROM `t_lock` WHERE ( pid = '28743408805' ) LIMIT 1  
[2018-05-11 10:53:20] /ACE_Web_HYRMYY/admin/index.php?act=login&op=login ( act=login&op=login ) 
ERR: Db Error: Table 'ace_hyrmyy.t_lock' doesn't exist
INSERT  INTO `t_lock` (pid,pvalue,expiretime) VALUES ('28743408805','1','1526007800')
[2018-05-11 10:53:37] /ACE_Web_HYRMYY/admin/index.php?act=login&op=login ( act=login&op=login ) 
ERR: Db Error: Table 'ace_hyrmyy.t_lock' doesn't exist
SELECT * FROM `t_lock` WHERE ( pid = '287434088005' ) LIMIT 1  
[2018-05-11 10:53:37] /ACE_Web_HYRMYY/admin/index.php?act=login&op=login ( act=login&op=login ) 
ERR: Db Error: Table 'ace_hyrmyy.t_lock' doesn't exist
DELETE  FROM `t_lock` WHERE ( pid = '287434088005' )
[2018-05-11 10:53:37] /ACE_Web_HYRMYY/admin/index.php?act=login&op=login ( act=login&op=login ) 
ERR: Db Error: Table 'ace_hyrmyy.t_lock' doesn't exist
DELETE  FROM `t_lock` WHERE ( pid = '28743408805' )
[2018-05-11 20:02:56] /ACE_Web_HYRMYY/admin/index.php?act=login&op=login ( act=login&op=login ) 
ERR: Db Error: Table 'ace_hyrmyy.t_lock' doesn't exist
SELECT * FROM `t_lock` WHERE ( pid = '614331203005' ) LIMIT 1  
[2018-05-11 20:02:56] /ACE_Web_HYRMYY/admin/index.php?act=login&op=login ( act=login&op=login ) 
ERR: Db Error: Table 'ace_hyrmyy.t_lock' doesn't exist
DELETE  FROM `t_lock` WHERE ( pid = '614331203005' )
[2018-05-11 20:02:56] /ACE_Web_HYRMYY/admin/index.php?act=login&op=login ( act=login&op=login ) 
ERR: Db Error: Table 'ace_hyrmyy.t_lock' doesn't exist
DELETE  FROM `t_lock` WHERE ( pid = '61433120305' )
[2018-05-11 20:24:25] /ACE_Web_HYRMYY/admin/index.php?act=login&op=login ( act=login&op=login ) 
ERR: Db Error: Table 'ace_hyrmyy.t_lock' doesn't exist
SELECT * FROM `t_lock` WHERE ( pid = '287432019305' ) LIMIT 1  
[2018-05-11 20:24:25] /ACE_Web_HYRMYY/admin/index.php?act=login&op=login ( act=login&op=login ) 
ERR: Db Error: Table 'ace_hyrmyy.t_lock' doesn't exist
DELETE  FROM `t_lock` WHERE ( pid = '287432019305' )
[2018-05-11 20:24:25] /ACE_Web_HYRMYY/admin/index.php?act=login&op=login ( act=login&op=login ) 
ERR: Db Error: Table 'ace_hyrmyy.t_lock' doesn't exist
DELETE  FROM `t_lock` WHERE ( pid = '28743201935' )
