[2018-05-04 05:49:57] /ACE_Web_HYRMYY/admin/index.php?act=login&op=login ( act=login&op=login ) 
ERR: Db Error: Table 'ace_hyrmyy.t_lock' doesn't exist
SELECT * FROM `t_lock` WHERE ( pid = '287632582405' ) LIMIT 1  
[2018-05-04 05:49:57] /ACE_Web_HYRMYY/admin/index.php?act=login&op=login ( act=login&op=login ) 
ERR: Db Error: Table 'ace_hyrmyy.t_lock' doesn't exist
DELETE  FROM `t_lock` WHERE ( pid = '287632582405' )
[2018-05-04 05:49:57] /ACE_Web_HYRMYY/admin/index.php?act=login&op=login ( act=login&op=login ) 
ERR: Db Error: Table 'ace_hyrmyy.t_lock' doesn't exist
DELETE  FROM `t_lock` WHERE ( pid = '28763258245' )
[2018-05-04 08:07:34] /ACE_Web_HYRMYY/admin/index.php?act=login&op=login ( act=login&op=login ) 
ERR: Db Error: Table 'ace_hyrmyy.t_lock' doesn't exist
SELECT * FROM `t_lock` WHERE ( pid = '287632582405' ) LIMIT 1  
[2018-05-04 08:07:34] /ACE_Web_HYRMYY/admin/index.php?act=login&op=login ( act=login&op=login ) 
ERR: Db Error: Table 'ace_hyrmyy.t_lock' doesn't exist
DELETE  FROM `t_lock` WHERE ( pid = '287632582405' )
[2018-05-04 08:07:34] /ACE_Web_HYRMYY/admin/index.php?act=login&op=login ( act=login&op=login ) 
ERR: Db Error: Table 'ace_hyrmyy.t_lock' doesn't exist
DELETE  FROM `t_lock` WHERE ( pid = '28763258245' )
[2018-05-04 11:33:09] /ACE_Web_HYRMYY/admin/index.php?act=login&op=login ( act=login&op=login ) 
ERR: Db Error: Table 'ace_hyrmyy.t_lock' doesn't exist
SELECT * FROM `t_lock` WHERE ( pid = '200289852605' ) LIMIT 1  
[2018-05-04 11:33:09] /ACE_Web_HYRMYY/admin/index.php?act=login&op=login ( act=login&op=login ) 
ERR: Db Error: Table 'ace_hyrmyy.t_lock' doesn't exist
SELECT * FROM `t_lock` WHERE ( pid = '20028985265' ) LIMIT 1  
[2018-05-04 11:33:09] /ACE_Web_HYRMYY/admin/index.php?act=login&op=login ( act=login&op=login ) 
ERR: Db Error: Table 'ace_hyrmyy.t_lock' doesn't exist
SELECT * FROM `t_lock` WHERE ( pid = '20028985265' ) LIMIT 1  
[2018-05-04 11:33:09] /ACE_Web_HYRMYY/admin/index.php?act=login&op=login ( act=login&op=login ) 
ERR: Db Error: Table 'ace_hyrmyy.t_lock' doesn't exist
INSERT  INTO `t_lock` (pid,pvalue,expiretime) VALUES ('20028985265','1','1525426989')
[2018-05-04 11:33:15] /ACE_Web_HYRMYY/admin/index.php?act=login&op=login ( act=login&op=login ) 
ERR: Db Error: Table 'ace_hyrmyy.t_lock' doesn't exist
SELECT * FROM `t_lock` WHERE ( pid = '200289852605' ) LIMIT 1  
[2018-05-04 11:33:15] /ACE_Web_HYRMYY/admin/index.php?act=login&op=login ( act=login&op=login ) 
ERR: Db Error: Table 'ace_hyrmyy.t_lock' doesn't exist
DELETE  FROM `t_lock` WHERE ( pid = '200289852605' )
[2018-05-04 11:33:15] /ACE_Web_HYRMYY/admin/index.php?act=login&op=login ( act=login&op=login ) 
ERR: Db Error: Table 'ace_hyrmyy.t_lock' doesn't exist
DELETE  FROM `t_lock` WHERE ( pid = '20028985265' )
