[2018-04-13 02:35:37] /admin/index.php?act=login&op=login ( act=login&op=login ) 
ERR: Db Error: Table 'acesoft.t_lock' doesn't exist
SELECT * FROM `t_lock` WHERE ( pid = '213070643305' ) LIMIT 1  
[2018-04-13 02:35:37] /admin/index.php?act=login&op=login ( act=login&op=login ) 
ERR: Db Error: Table 'acesoft.t_lock' doesn't exist
DELETE  FROM `t_lock` WHERE ( pid = '213070643305' )
[2018-04-13 02:35:37] /admin/index.php?act=login&op=login ( act=login&op=login ) 
ERR: Db Error: Table 'acesoft.t_lock' doesn't exist
DELETE  FROM `t_lock` WHERE ( pid = '21307064335' )
[2018-04-13 03:17:56] /admin/index.php?act=index&op=logout ( act=index&op=logout ) 
ERR: Db Error: Table 'acesoft.t_setting' doesn't exist
SELECT * FROM `t_setting` 
[2018-04-13 03:18:01] /admin/index.php?act=login&op=login ( act=login&op=login ) 
ERR: Db Error: Table 'acesoft.t_lock' doesn't exist
SELECT * FROM `t_lock` WHERE ( pid = '213070643305' ) LIMIT 1  
[2018-04-13 03:18:01] /admin/index.php?act=login&op=login ( act=login&op=login ) 
ERR: Db Error: Table 'acesoft.t_lock' doesn't exist
DELETE  FROM `t_lock` WHERE ( pid = '213070643305' )
[2018-04-13 03:18:01] /admin/index.php?act=login&op=login ( act=login&op=login ) 
ERR: Db Error: Table 'acesoft.t_lock' doesn't exist
DELETE  FROM `t_lock` WHERE ( pid = '21307064335' )
[2018-04-13 04:49:12] /admin/index.php?act=index&op=logout ( act=index&op=logout ) 
ERR: Db Error: Table 'acesoft.t_setting' doesn't exist
SELECT * FROM `t_setting` 
[2018-04-13 04:49:17] /admin/index.php?act=login&op=login ( act=login&op=login ) 
ERR: Db Error: Table 'acesoft.t_lock' doesn't exist
SELECT * FROM `t_lock` WHERE ( pid = '213070643305' ) LIMIT 1  
[2018-04-13 04:49:17] /admin/index.php?act=login&op=login ( act=login&op=login ) 
ERR: Db Error: Table 'acesoft.t_lock' doesn't exist
DELETE  FROM `t_lock` WHERE ( pid = '213070643305' )
[2018-04-13 04:49:17] /admin/index.php?act=login&op=login ( act=login&op=login ) 
ERR: Db Error: Table 'acesoft.t_lock' doesn't exist
DELETE  FROM `t_lock` WHERE ( pid = '21307064335' )
[2018-04-13 05:19:05] /admin/index.php?act=common&op=ctrlcmd&msg_name=SWITCH_HOST1&msg_value=0 ( act=common&op=ctrlcmd ) 
ERR: Db Error: Column 'content' cannot be null
INSERT  INTO `t_admin_log` (content,createtime,admin_name,admin_id,ip,url) VALUES (NULL,'1523589545','admin','1','127.0.0.1','common&ctrlcmd')
[2018-04-13 05:43:45] /ACE_Web_Demo/admin/index.php?act=login&op=login ( act=login&op=login ) 
ERR: Db Error: Table 'ace_demo.t_lock' doesn't exist
SELECT * FROM `t_lock` WHERE ( pid = '200289852605' ) LIMIT 1  
[2018-04-13 05:43:45] /ACE_Web_Demo/admin/index.php?act=login&op=login ( act=login&op=login ) 
ERR: Db Error: Table 'ace_demo.t_lock' doesn't exist
DELETE  FROM `t_lock` WHERE ( pid = '200289852605' )
[2018-04-13 05:43:45] /ACE_Web_Demo/admin/index.php?act=login&op=login ( act=login&op=login ) 
ERR: Db Error: Table 'ace_demo.t_lock' doesn't exist
DELETE  FROM `t_lock` WHERE ( pid = '20028985265' )
[2018-04-13 09:32:12] /ACE_Web_Demo/admin/index.php?act=login&op=login ( act=login&op=login ) 
ERR: Db Error: Table 'ace_demo.t_lock' doesn't exist
SELECT * FROM `t_lock` WHERE ( pid = '200289852605' ) LIMIT 1  
[2018-04-13 09:32:12] /ACE_Web_Demo/admin/index.php?act=login&op=login ( act=login&op=login ) 
ERR: Db Error: Table 'ace_demo.t_lock' doesn't exist
DELETE  FROM `t_lock` WHERE ( pid = '200289852605' )
[2018-04-13 09:32:12] /ACE_Web_Demo/admin/index.php?act=login&op=login ( act=login&op=login ) 
ERR: Db Error: Table 'ace_demo.t_lock' doesn't exist
DELETE  FROM `t_lock` WHERE ( pid = '20028985265' )
