[2018-05-09 02:11:01] /ACE_Web_HYRMYY/admin/index.php?act=login&op=login ( act=login&op=login ) 
ERR: Db Error: Table 'ace_hyrmyy.t_lock' doesn't exist
SELECT * FROM `t_lock` WHERE ( pid = '614333604005' ) LIMIT 1  
[2018-05-09 02:11:01] /ACE_Web_HYRMYY/admin/index.php?act=login&op=login ( act=login&op=login ) 
ERR: Db Error: Table 'ace_hyrmyy.t_lock' doesn't exist
DELETE  FROM `t_lock` WHERE ( pid = '614333604005' )
[2018-05-09 02:11:01] /ACE_Web_HYRMYY/admin/index.php?act=login&op=login ( act=login&op=login ) 
ERR: Db Error: Table 'ace_hyrmyy.t_lock' doesn't exist
DELETE  FROM `t_lock` WHERE ( pid = '61433360405' )
[2018-05-09 09:51:57] /ACE_Web_HYRMYY/admin/index.php?act=login&op=login ( act=login&op=login ) 
ERR: Db Error: Table 'ace_hyrmyy.t_lock' doesn't exist
SELECT * FROM `t_lock` WHERE ( pid = '454261422005' ) LIMIT 1  
[2018-05-09 09:51:57] /ACE_Web_HYRMYY/admin/index.php?act=login&op=login ( act=login&op=login ) 
ERR: Db Error: Table 'ace_hyrmyy.t_lock' doesn't exist
DELETE  FROM `t_lock` WHERE ( pid = '454261422005' )
[2018-05-09 09:51:57] /ACE_Web_HYRMYY/admin/index.php?act=login&op=login ( act=login&op=login ) 
ERR: Db Error: Table 'ace_hyrmyy.t_lock' doesn't exist
DELETE  FROM `t_lock` WHERE ( pid = '45426142205' )
[2018-05-09 10:34:19] /ACE_Web_HYRMYY/admin/index.php?act=login&op=login ( act=login&op=login ) 
ERR: Db Error: Table 'ace_hyrmyy.t_lock' doesn't exist
SELECT * FROM `t_lock` WHERE ( pid = '374037562505' ) LIMIT 1  
[2018-05-09 10:34:19] /ACE_Web_HYRMYY/admin/index.php?act=login&op=login ( act=login&op=login ) 
ERR: Db Error: Table 'ace_hyrmyy.t_lock' doesn't exist
SELECT * FROM `t_lock` WHERE ( pid = '37403756255' ) LIMIT 1  
[2018-05-09 10:34:19] /ACE_Web_HYRMYY/admin/index.php?act=login&op=login ( act=login&op=login ) 
ERR: Db Error: Table 'ace_hyrmyy.t_lock' doesn't exist
SELECT * FROM `t_lock` WHERE ( pid = '37403756255' ) LIMIT 1  
[2018-05-09 10:34:19] /ACE_Web_HYRMYY/admin/index.php?act=login&op=login ( act=login&op=login ) 
ERR: Db Error: Table 'ace_hyrmyy.t_lock' doesn't exist
INSERT  INTO `t_lock` (pid,pvalue,expiretime) VALUES ('37403756255','1','1525833859')
[2018-05-09 10:35:03] /ACE_Web_HYRMYY/admin/index.php?act=login&op=login ( act=login&op=login ) 
ERR: Db Error: Table 'ace_hyrmyy.t_lock' doesn't exist
SELECT * FROM `t_lock` WHERE ( pid = '374037562505' ) LIMIT 1  
[2018-05-09 10:35:03] /ACE_Web_HYRMYY/admin/index.php?act=login&op=login ( act=login&op=login ) 
ERR: Db Error: Table 'ace_hyrmyy.t_lock' doesn't exist
DELETE  FROM `t_lock` WHERE ( pid = '374037562505' )
[2018-05-09 10:35:03] /ACE_Web_HYRMYY/admin/index.php?act=login&op=login ( act=login&op=login ) 
ERR: Db Error: Table 'ace_hyrmyy.t_lock' doesn't exist
DELETE  FROM `t_lock` WHERE ( pid = '37403756255' )
[2018-05-09 11:26:20] /ACE_Web_HYRMYY/admin/index.php?act=login&op=login ( act=login&op=login ) 
ERR: Db Error: Table 'ace_hyrmyy.t_lock' doesn't exist
SELECT * FROM `t_lock` WHERE ( pid = '200328513305' ) LIMIT 1  
[2018-05-09 11:26:20] /ACE_Web_HYRMYY/admin/index.php?act=login&op=login ( act=login&op=login ) 
ERR: Db Error: Table 'ace_hyrmyy.t_lock' doesn't exist
DELETE  FROM `t_lock` WHERE ( pid = '200328513305' )
[2018-05-09 11:26:20] /ACE_Web_HYRMYY/admin/index.php?act=login&op=login ( act=login&op=login ) 
ERR: Db Error: Table 'ace_hyrmyy.t_lock' doesn't exist
DELETE  FROM `t_lock` WHERE ( pid = '20032851335' )
[2018-05-09 16:20:55] /ACE_Web_HYRMYY/admin/index.php?act=login&op=login ( act=login&op=login ) 
ERR: Db Error: Table 'ace_hyrmyy.t_lock' doesn't exist
SELECT * FROM `t_lock` WHERE ( pid = '200329602805' ) LIMIT 1  
[2018-05-09 16:20:55] /ACE_Web_HYRMYY/admin/index.php?act=login&op=login ( act=login&op=login ) 
ERR: Db Error: Table 'ace_hyrmyy.t_lock' doesn't exist
DELETE  FROM `t_lock` WHERE ( pid = '200329602805' )
[2018-05-09 16:20:55] /ACE_Web_HYRMYY/admin/index.php?act=login&op=login ( act=login&op=login ) 
ERR: Db Error: Table 'ace_hyrmyy.t_lock' doesn't exist
DELETE  FROM `t_lock` WHERE ( pid = '20032960285' )
